  Compiling CUDA source file Source.cu...
  
  E:\Documents\visual studio 2013\Git Projects\cuda_ex1\cuda_ex1>"C:\Program Files\NVIDIA GPU Computing Toolkit\CUDA\v6.5\bin\nvcc.exe" -gencode=arch=compute_30,code=\"sm_30,compute_30\" -gencode=arch=compute_35,code=\"sm_35,compute_35\" -gencode=arch=compute_37,code=\"sm_37,compute_37\" -gencode=arch=compute_50,code=\"sm_50,compute_50\" --use-local-env --cl-version 2013 -ccbin "C:\Program Files (x86)\Microsoft Visual Studio 12.0\VC\bin" -rdc=true -I"C:\Program Files\NVIDIA GPU Computing Toolkit\CUDA\v6.5\include" -I"C:\Program Files\NVIDIA GPU Computing Toolkit\CUDA\v6.5\include"  -G   --keep-dir Debug -maxrregcount=0  --machine 32 --compile -cudart static  -g   -D_MBCS -Xcompiler "/EHsc /W3 /nologo /Od /Zi /RTC1 /MDd  " -o Debug\Source.cu.obj "E:\Documents\visual studio 2013\Git Projects\cuda_ex1\cuda_ex1\Source.cu" 
  Source.cu
  Compiling CUDA source file test.cu...
  
  E:\Documents\visual studio 2013\Git Projects\cuda_ex1\cuda_ex1>"C:\Program Files\NVIDIA GPU Computing Toolkit\CUDA\v6.5\bin\nvcc.exe" -gencode=arch=compute_30,code=\"sm_30,compute_30\" -gencode=arch=compute_35,code=\"sm_35,compute_35\" -gencode=arch=compute_37,code=\"sm_37,compute_37\" -gencode=arch=compute_50,code=\"sm_50,compute_50\" --use-local-env --cl-version 2013 -ccbin "C:\Program Files (x86)\Microsoft Visual Studio 12.0\VC\bin" -rdc=true -I"C:\Program Files\NVIDIA GPU Computing Toolkit\CUDA\v6.5\include" -I"C:\Program Files\NVIDIA GPU Computing Toolkit\CUDA\v6.5\include"  -G   --keep-dir Debug -maxrregcount=0  --machine 32 --compile -cudart static  -g   -D_MBCS -Xcompiler "/EHsc /W3 /nologo /Od /Zi /RTC1 /MDd  " -o Debug\test.cu.obj "E:\Documents\visual studio 2013\Git Projects\cuda_ex1\cuda_ex1\test.cu" 
  test.cu
  
  E:\Documents\visual studio 2013\Git Projects\cuda_ex1\cuda_ex1>"C:\Program Files\NVIDIA GPU Computing Toolkit\CUDA\v6.5\bin\nvcc.exe" -dlink -o Debug\cuda_ex1.device-link.obj -Xcompiler "/EHsc /W3 /nologo /Od /Zi /RTC1 /MDd  " -L"C:\Program Files\NVIDIA GPU Computing Toolkit\CUDA\v6.5" -L"C:\Program Files\NVIDIA GPU Computing Toolkit\CUDA\v6.5\lib\Win32" cuda.lib cudart.lib cudart_static.lib kernel32.lib user32.lib gdi32.lib winspool.lib comdlg32.lib advapi32.lib shell32.lib ole32.lib oleaut32.lib uuid.lib odbc32.lib odbccp32.lib  -gencode=arch=compute_30,code=sm_30 -gencode=arch=compute_35,code=sm_35 -gencode=arch=compute_37,code=sm_37 -gencode=arch=compute_50,code=sm_50 -G --machine 32 Debug\Source.cu.obj Debug\test.cu.obj 
  cuda.lib
  cudart.lib
  cudart_static.lib
  kernel32.lib
  user32.lib
  gdi32.lib
  winspool.lib
  comdlg32.lib
  advapi32.lib
  shell32.lib
  ole32.lib
  oleaut32.lib
  uuid.lib
  odbc32.lib
  odbccp32.lib
  Source.cu.obj
  test.cu.obj
  cuda_ex1.vcxproj -> E:\Documents\visual studio 2013\Git Projects\cuda_ex1\Debug\cuda_ex1.exe
